c:\yeo_17\winapiengine_step_3_onupdate\x64\debug\vc143.pdb
c:\yeo_17\winapiengine_step_3_onupdate\x64\debug\vc143.idb
c:\yeo_17\winapiengine_step_3_onupdate\x64\debug\capiengine.obj
c:\yeo_17\winapiengine_step_3_onupdate\x64\debug\winapiengine.obj
c:\yeo_17\winapiengine_step_1_constructor\x64\debug\winapiengine.exe
c:\yeo_17\winapiengine_step_1_constructor\x64\debug\winapiengine.ilk
c:\yeo_17\winapiengine_step_1_constructor\x64\debug\winapiengine.pdb
c:\yeo_17\winapiengine_step_2_gameloop\x64\debug\winapiengine.exe
c:\yeo_17\winapiengine_step_2_gameloop\x64\debug\winapiengine.ilk
c:\yeo_17\winapiengine_step_2_gameloop\x64\debug\winapiengine.pdb
c:\yeo_17\winapiengine_step_3_onupdate\x64\debug\winapiengine.exe
c:\yeo_17\winapiengine_step_3_onupdate\x64\debug\winapiengine.ilk
c:\yeo_17\winapiengine_step_3_onupdate\x64\debug\winapiengine.pdb
c:\yeo_17\winapiengine_step_1_constructor\x64\debug\winapiengine.res
c:\yeo_17\winapiengine_step_2_gameloop\x64\debug\winapiengine.res
c:\yeo_17\winapiengine_step_3_onupdate\x64\debug\winapiengine.res
c:\yeo_17\winapiengine_step_4_updatemethod\x64\debug\capiengine.obj
c:\yeo_17\winapiengine_step_4_updatemethod\x64\debug\winapiengine.obj
c:\yeo_17\winapiengine_step_4_updatemethod\x64\debug\winapiengine.ilk
c:\yeo_17\winapiengine_step_4_updatemethod\x64\debug\winapiengine.res
c:\yeo_17\winapiengine_step_4_updatemethod\x64\debug\vc143.idb
c:\yeo_17\winapiengine_step_4_updatemethod\x64\debug\vc143.pdb
c:\yeo_17\winapiengine_step_4_updatemethod\x64\debug\winapiengine.pdb
c:\yeo_17\winapiengine_step_4_updatemethod\x64\debug\winapiengine.exe
c:\yeo_17\winapiengine_step_4_updatemethod\x64\debug\winapiengine.tlog\cl.command.1.tlog
c:\yeo_17\winapiengine_step_4_updatemethod\x64\debug\winapiengine.tlog\cl.items.tlog
c:\yeo_17\winapiengine_step_4_updatemethod\x64\debug\winapiengine.tlog\cl.read.1.tlog
c:\yeo_17\winapiengine_step_4_updatemethod\x64\debug\winapiengine.tlog\cl.write.1.tlog
c:\yeo_17\winapiengine_step_4_updatemethod\x64\debug\winapiengine.tlog\link.command.1.tlog
c:\yeo_17\winapiengine_step_4_updatemethod\x64\debug\winapiengine.tlog\link.read.1.tlog
c:\yeo_17\winapiengine_step_4_updatemethod\x64\debug\winapiengine.tlog\link.write.1.tlog
c:\yeo_17\winapiengine_step_4_updatemethod\x64\debug\winapiengine.tlog\rc.command.1.tlog
c:\yeo_17\winapiengine_step_4_updatemethod\x64\debug\winapiengine.tlog\rc.read.1.tlog
c:\yeo_17\winapiengine_step_4_updatemethod\x64\debug\winapiengine.tlog\rc.write.1.tlog
